<?xml version="1.0" encoding="UTF-8"?>
<testsuite xmlns:xsi="http://www.w3.org/2001/XMLSchema-instance" xsi:schemaLocation="https://maven.apache.org/surefire/maven-surefire-plugin/xsd/surefire-test-report.xsd" name="com.interset.DataIntegrationTask.TestRunner" time="0.473" tests="16" errors="0" skipped="0" failures="0">
  <properties>
[...]
</properties>
  <testcase name="testActionRemove" classname="com.interset.DataIntegrationTask.TestRunner" time="0.001"/>
  <testcase name="testEventID" classname="com.interset.DataIntegrationTask.TestRunner" time="0"/>
  <testcase name="testTimestampUTC" classname="com.interset.DataIntegrationTask.TestRunner" time="0.129"/>
  <testcase name="testIP" classname="com.interset.DataIntegrationTask.TestRunner" time="0"/>
  <testcase name="testMetadataToRecord" classname="com.interset.DataIntegrationTask.TestRunner" time="0.246"/>
  <testcase name="testFileName" classname="com.interset.DataIntegrationTask.TestRunner" time="0"/>
  <testcase name="testRecordToCSV" classname="com.interset.DataIntegrationTask.TestRunner" time="0.002"/>
  <testcase name="testTimestamp" classname="com.interset.DataIntegrationTask.TestRunner" time="0"/>
  <testcase name="testJSONtoMetadata" classname="com.interset.DataIntegrationTask.TestRunner" time="0.002"/>
  <testcase name="testActionAdd" classname="com.interset.DataIntegrationTask.TestRunner" time="0"/>
  <testcase name="testUserSystem" classname="com.interset.DataIntegrationTask.TestRunner" time="0"/>
  <testcase name="testUserAdmin" classname="com.interset.DataIntegrationTask.TestRunner" time="0"/>
  <testcase name="testActionAccessed" classname="com.interset.DataIntegrationTask.TestRunner" time="0"/>
  <testcase name="testUserEmail" classname="com.interset.DataIntegrationTask.TestRunner" time="0"/>
  <testcase name="testActionNone" classname="com.interset.DataIntegrationTask.TestRunner" time="0"/>
  <testcase name="testFolder" classname="com.interset.DataIntegrationTask.TestRunner" time="0"/>
</testsuite>